{
  "RSpec": {
    "coverage": {
      "/Users/ivan/Development/flatiron/code/Rspec-Code-Coverage/jukebox.rb": [
        null,
        null,
        1,
        null,
        1,
        1,
        1,
        null,
        1,
        9,
        9,
        null,
        null,
        1,
        2,
        null,
        null,
        1,
        2,
        null,
        null,
        1,
        5,
        null,
        5,
        3,
        null,
        1,
        1,
        null,
        1,
        null,
        5,
        null,
        null,
        1,
        1,
        1,
        null,
        null,
        1,
        1,
        1,
        7,
        null,
        1,
        null,
        null,
        1,
        1,
        null,
        null,
        null
      ],
      "/Users/ivan/Development/flatiron/code/Rspec-Code-Coverage/song.rb": [
        1,
        1,
        null,
        1,
        65,
        null,
        null
      ]
    },
    "timestamp": 1381285035
  }
}
